2025-04-20 02:34:04,785 - INFO - Generating image 250x250
2025-04-20 02:34:05,159 - DEBUG - Initial seed point: [94 39], Center: (117.30468614905759, 132.46083347743385)
2025-04-20 02:34:05,160 - INFO - Generated 5 seed points
2025-04-20 02:34:05,175 - INFO - Generating image 250x250
2025-04-20 02:34:05,554 - DEBUG - Initial seed point: [150 201], Center: (118.42768213208832, 128.2268261842233)
2025-04-20 02:34:05,555 - INFO - Generated 48 seed points
2025-04-20 02:34:05,593 - INFO - Generating image 250x250
2025-04-20 02:34:05,987 - DEBUG - Initial seed point: [100  50], Center: (125.28343500703895, 124.94199906147348)
2025-04-20 02:34:05,988 - INFO - Generated 79 seed points
2025-04-20 02:34:06,463 - INFO - Generating image 250x250
2025-04-20 02:34:06,801 - DEBUG - Initial seed point: [79 74], Center: (117.85566502463054, 123.19076354679802)
2025-04-20 02:34:06,802 - INFO - Generated 24 seed points
2025-04-20 02:34:06,859 - INFO - Generating image 250x250
2025-04-20 02:34:07,234 - DEBUG - Initial seed point: [146  31], Center: (121.67363904532046, 126.22874765352641)
2025-04-20 02:34:07,234 - INFO - Generated 46 seed points
2025-04-20 02:34:07,424 - INFO - Generating image 250x250
2025-04-20 02:34:07,776 - DEBUG - Initial seed point: [198 114], Center: (128.66228360609213, 131.64440450288527)
2025-04-20 02:34:07,777 - INFO - Generated 71 seed points
2025-04-20 02:34:07,956 - INFO - Generating image 250x250
2025-04-20 02:34:08,299 - DEBUG - Initial seed point: [ 41 110], Center: (118.05561180777319, 121.15593114728561)
2025-04-20 02:34:08,300 - INFO - Generated 70 seed points
2025-04-20 02:34:08,372 - INFO - Generating image 250x250
2025-04-20 02:34:08,702 - DEBUG - Initial seed point: [126  59], Center: (138.48097951640227, 121.67488064068998)
2025-04-20 02:34:08,702 - INFO - Generated 15 seed points
2025-04-20 02:34:08,753 - INFO - Generating image 250x250
2025-04-20 02:34:09,115 - DEBUG - Initial seed point: [209 117], Center: (118.34520755597015, 123.14569729477611)
2025-04-20 02:34:09,115 - INFO - Generated 79 seed points
2025-04-20 02:34:09,255 - INFO - Generating image 250x250
2025-04-20 02:34:09,624 - DEBUG - Initial seed point: [ 53 100], Center: (127.96357916812303, 123.78259349877665)
2025-04-20 02:34:09,625 - INFO - Generated 40 seed points
